<?xml version="1.0" encoding="UTF-8"?>
<!-- Generated by org.testng.reporters.JUnitReportReporter -->
<testsuite skipped="0" hostname="vgmb.lan" name="TestSuite.Tests" tests="1" failures="0" timestamp="25 Jul 2018 04:45:47 GMT" time="99.249" errors="0">
  <testcase name="ValidateResponseTimeStampFormat" time="99.249" classname="TestSuite.Tests"/>
</testsuite> <!-- TestSuite.Tests -->
