<?xml version="1.0" encoding="UTF-8"?>
<!-- Generated by org.testng.reporters.JUnitReportReporter -->
<testsuite skipped="0" hostname="vgmb.lan" name="TestSuite.TestCases" tests="1" failures="0" timestamp="25 Jul 2018 01:18:43 GMT" time="3.961" errors="0">
  <testcase name="ValidateRepoName" time="3.961" classname="TestSuite.TestCases"/>
</testsuite> <!-- TestSuite.TestCases -->
